<?xml version="1.0" encoding="UTF-8"?>
<!-- Generated by org.testng.reporters.JUnitReportReporter -->
<testsuite hostname="LAPTOP-Q2SNRQDH" failures="0" tests="1" name="com.NewActitme.GenericLibrary.p1" time="23.227" errors="0" timestamp="2023-05-10T17:24:33 IST" skipped="0">
  <testcase classname="com.NewActitme.GenericLibrary.p1" name="read" time="23.227"/>
  <system-out/>
</testsuite> <!-- com.NewActitme.GenericLibrary.p1 -->
