<?xml version="1.0" encoding="UTF-8"?>
<!-- Generated by org.testng.reporters.JUnitReportReporter -->
<testsuite hostname="LAPTOP-Q2SNRQDH" failures="0" tests="1" name="com.NewActitme.GenericLibrary.baseClass" time="10.873" errors="0" timestamp="2023-05-10T23:37:45 IST" skipped="0">
  <testcase classname="com.NewActitme.GenericLibrary.baseClass" name="automate" time="10.873"/>
  <system-out>
    <![CDATA[automation is successfull]]>
  </system-out>
</testsuite> <!-- com.NewActitme.GenericLibrary.baseClass -->
